C:\CODE\ROUTINGTABLE\DEBUG\VC120.PDB
C:\CODE\ROUTINGTABLE\DEBUG\VC120.IDB
C:\CODE\ROUTINGTABLE\DEBUG\IPADDRESS.OBJ
C:\CODE\ROUTINGTABLE\DEBUG\FORWARDINGTABLE.OBJ
C:\CODE\ROUTINGTABLE\DEBUG\IPRANGE.OBJ
C:\CODE\ROUTINGTABLE\DEBUG\MAIN.OBJ
C:\CODE\ROUTINGTABLE\DEBUG\ROUTINGTABLE.ILK
C:\CODE\ROUTINGTABLE\DEBUG\ROUTINGTABLE.EXE
C:\CODE\ROUTINGTABLE\DEBUG\ROUTINGTABLE.PDB
C:\code\routingTable\Debug\ForwardingTable.obj
C:\code\routingTable\Debug\IpAddress.obj
C:\code\routingTable\Debug\IpRange.obj
C:\code\routingTable\Debug\main.obj
C:\code\routingTable\Debug\routingTable.ilk
C:\code\routingTable\Debug\vc120.idb
C:\code\routingTable\Debug\routingTable.pdb
C:\code\routingTable\Debug\vc120.pdb
C:\code\routingTable\Debug\routingTable.exe
C:\code\routingTable\Debug\routingTable.tlog\cl.command.1.tlog
C:\code\routingTable\Debug\routingTable.tlog\CL.read.1.tlog
C:\code\routingTable\Debug\routingTable.tlog\CL.write.1.tlog
C:\code\routingTable\Debug\routingTable.tlog\link.command.1.tlog
C:\code\routingTable\Debug\routingTable.tlog\link.read.1.tlog
C:\code\routingTable\Debug\routingTable.tlog\link.write.1.tlog
